<?xml version="1.0" encoding="UTF-8"?>
<!-- Generated by org.testng.reporters.JUnitReportReporter -->
<testsuite hostname="Veers-MBP" failures="0" tests="1" name="week5.day2.datawithexceltorunsingletime.CreateLead" time="13.340" errors="0" timestamp="2021-06-06T09:36:05 BST" skipped="0">
  <testcase classname="week5.day2.datawithexceltorunsingletime.CreateLead" name="runCreateLead" time="13.340"/>
  <system-out/>
</testsuite> <!-- week5.day2.datawithexceltorunsingletime.CreateLead -->
