<?xml version="1.0" encoding="UTF-8"?>
<!-- Generated by org.testng.reporters.JUnitReportReporter -->
<testsuite hostname="Veers-MBP" failures="0" tests="2" name="week5.day2.addingdatanormally.CreateLead" time="25.682" errors="0" timestamp="2021-06-06T07:00:12 BST" skipped="0">
  <testcase classname="week5.day2.addingdatanormally.CreateLead" name="runCreateLead" time="12.730"/>
  <system-out/>
  <testcase classname="week5.day2.addingdatanormally.CreateLead" name="runCreateLead" time="12.952"/>
  <system-out/>
</testsuite> <!-- week5.day2.addingdatanormally.CreateLead -->
