<?xml version="1.0" encoding="UTF-8"?>
<!-- Generated by org.testng.reporters.JUnitReportReporter -->
<testsuite hostname="Veers-MBP" failures="0" tests="1" name="week5.day1.testcase.DeleteLead" time="23.463" errors="0" timestamp="2021-06-05T12:42:23 BST" skipped="0">
  <testcase classname="week5.day1.testcase.DeleteLead" name="runDeleteLead" time="23.463"/>
  <system-out/>
</testsuite> <!-- week5.day1.testcase.DeleteLead -->
