<?xml version="1.0" encoding="UTF-8"?>
<!-- Generated by org.testng.reporters.JUnitReportReporter -->
<testsuite hostname="Veers-MBP" failures="0" tests="1" name="week5.day1.testcase.CreateLead" time="21.039" errors="0" timestamp="2021-06-05T12:42:23 BST" skipped="0">
  <testcase classname="week5.day1.testcase.CreateLead" name="runCreateLead" time="21.039"/>
  <system-out/>
</testsuite> <!-- week5.day1.testcase.CreateLead -->
